2015.08.27 08:24 B C:\ACC\Classes\HTML III\CSS Style Guide\Boilerplate\Style-Guide-Boilerplate-master\Style-Guide-Boilerplate-master\markup\base\address.html --> webmastercert.com /public_html/style-guide/markup/base address.html
2015.08.27 08:24 B C:\ACC\Classes\HTML III\CSS Style Guide\Boilerplate\Style-Guide-Boilerplate-master\Style-Guide-Boilerplate-master\markup\base\blockquote.html --> webmastercert.com /public_html/style-guide/markup/base blockquote.html
2015.08.27 08:24 B C:\ACC\Classes\HTML III\CSS Style Guide\Boilerplate\Style-Guide-Boilerplate-master\Style-Guide-Boilerplate-master\markup\base\details.html --> webmastercert.com /public_html/style-guide/markup/base details.html
2015.08.27 08:24 B C:\ACC\Classes\HTML III\CSS Style Guide\Boilerplate\Style-Guide-Boilerplate-master\Style-Guide-Boilerplate-master\markup\base\figure.html --> webmastercert.com /public_html/style-guide/markup/base figure.html
2015.08.27 08:24 B C:\ACC\Classes\HTML III\CSS Style Guide\Boilerplate\Style-Guide-Boilerplate-master\Style-Guide-Boilerplate-master\markup\base\form-buttons.html --> webmastercert.com /public_html/style-guide/markup/base form-buttons.html
2015.08.27 08:25 B C:\ACC\Classes\HTML III\CSS Style Guide\Boilerplate\Style-Guide-Boilerplate-master\Style-Guide-Boilerplate-master\markup\base\form-fields-default.html --> webmastercert.com /public_html/style-guide/markup/base form-fields-default.html
2015.08.27 08:25 B C:\ACC\Classes\HTML III\CSS Style Guide\Boilerplate\Style-Guide-Boilerplate-master\Style-Guide-Boilerplate-master\markup\base\form-fields-disabled.html --> webmastercert.com /public_html/style-guide/markup/base form-fields-disabled.html
2015.08.27 08:25 B C:\ACC\Classes\HTML III\CSS Style Guide\Boilerplate\Style-Guide-Boilerplate-master\Style-Guide-Boilerplate-master\markup\base\form-fields-readonly.html --> webmastercert.com /public_html/style-guide/markup/base form-fields-readonly.html
2015.08.27 08:25 B C:\ACC\Classes\HTML III\CSS Style Guide\Boilerplate\Style-Guide-Boilerplate-master\Style-Guide-Boilerplate-master\markup\base\form-fields-with-datalist.html --> webmastercert.com /public_html/style-guide/markup/base form-fields-with-datalist.html
2015.08.27 08:25 B C:\ACC\Classes\HTML III\CSS Style Guide\Boilerplate\Style-Guide-Boilerplate-master\Style-Guide-Boilerplate-master\markup\base\form-fieldset.html --> webmastercert.com /public_html/style-guide/markup/base form-fieldset.html
2015.08.27 08:25 B C:\ACC\Classes\HTML III\CSS Style Guide\Boilerplate\Style-Guide-Boilerplate-master\Style-Guide-Boilerplate-master\markup\base\headings-1.html --> webmastercert.com /public_html/style-guide/markup/base headings-1.html
2015.08.27 08:25 B C:\ACC\Classes\HTML III\CSS Style Guide\Boilerplate\Style-Guide-Boilerplate-master\Style-Guide-Boilerplate-master\markup\base\headings-2.html --> webmastercert.com /public_html/style-guide/markup/base headings-2.html
2015.08.27 08:25 B C:\ACC\Classes\HTML III\CSS Style Guide\Boilerplate\Style-Guide-Boilerplate-master\Style-Guide-Boilerplate-master\markup\base\headings-3.html --> webmastercert.com /public_html/style-guide/markup/base headings-3.html
2015.08.27 08:25 B C:\ACC\Classes\HTML III\CSS Style Guide\Boilerplate\Style-Guide-Boilerplate-master\Style-Guide-Boilerplate-master\markup\base\hr.html --> webmastercert.com /public_html/style-guide/markup/base hr.html
2015.08.27 08:25 B C:\ACC\Classes\HTML III\CSS Style Guide\Boilerplate\Style-Guide-Boilerplate-master\Style-Guide-Boilerplate-master\markup\base\list-definition.html --> webmastercert.com /public_html/style-guide/markup/base list-definition.html
2015.08.27 08:25 B C:\ACC\Classes\HTML III\CSS Style Guide\Boilerplate\Style-Guide-Boilerplate-master\Style-Guide-Boilerplate-master\markup\base\list-ordered.html --> webmastercert.com /public_html/style-guide/markup/base list-ordered.html
2015.08.27 08:25 B C:\ACC\Classes\HTML III\CSS Style Guide\Boilerplate\Style-Guide-Boilerplate-master\Style-Guide-Boilerplate-master\markup\base\list-unordered.html --> webmastercert.com /public_html/style-guide/markup/base list-unordered.html
2015.08.27 08:25 B C:\ACC\Classes\HTML III\CSS Style Guide\Boilerplate\Style-Guide-Boilerplate-master\Style-Guide-Boilerplate-master\markup\base\media.html --> webmastercert.com /public_html/style-guide/markup/base media.html
2015.08.27 08:25 B C:\ACC\Classes\HTML III\CSS Style Guide\Boilerplate\Style-Guide-Boilerplate-master\Style-Guide-Boilerplate-master\markup\base\meter-and-progress.html --> webmastercert.com /public_html/style-guide/markup/base meter-and-progress.html
2015.08.27 08:25 B C:\ACC\Classes\HTML III\CSS Style Guide\Boilerplate\Style-Guide-Boilerplate-master\Style-Guide-Boilerplate-master\markup\base\preformated-text.html --> webmastercert.com /public_html/style-guide/markup/base preformated-text.html
2015.08.27 08:25 B C:\ACC\Classes\HTML III\CSS Style Guide\Boilerplate\Style-Guide-Boilerplate-master\Style-Guide-Boilerplate-master\markup\base\sample-content-block.html --> webmastercert.com /public_html/style-guide/markup/base sample-content-block.html
2015.08.27 08:25 B C:\ACC\Classes\HTML III\CSS Style Guide\Boilerplate\Style-Guide-Boilerplate-master\Style-Guide-Boilerplate-master\markup\base\tabular-data.html --> webmastercert.com /public_html/style-guide/markup/base tabular-data.html
2015.08.27 08:25 B C:\ACC\Classes\HTML III\CSS Style Guide\Boilerplate\Style-Guide-Boilerplate-master\Style-Guide-Boilerplate-master\markup\base\text-elements.html --> webmastercert.com /public_html/style-guide/markup/base text-elements.html
2015.08.27 08:25 B C:\ACC\Classes\HTML III\CSS Style Guide\Boilerplate\Style-Guide-Boilerplate-master\Style-Guide-Boilerplate-master\markup\base\time.html --> webmastercert.com /public_html/style-guide/markup/base time.html
