2015.08.27 08:24 B C:\ACC\Classes\HTML III\CSS Style Guide\Boilerplate\Style-Guide-Boilerplate-master\Style-Guide-Boilerplate-master\doc\base\address.html --> webmastercert.com /public_html/style-guide/doc/base address.html
2015.08.27 08:24 B C:\ACC\Classes\HTML III\CSS Style Guide\Boilerplate\Style-Guide-Boilerplate-master\Style-Guide-Boilerplate-master\doc\base\blockquote.html --> webmastercert.com /public_html/style-guide/doc/base blockquote.html
2015.08.27 08:24 B C:\ACC\Classes\HTML III\CSS Style Guide\Boilerplate\Style-Guide-Boilerplate-master\Style-Guide-Boilerplate-master\doc\base\details.html --> webmastercert.com /public_html/style-guide/doc/base details.html
2015.08.27 08:24 B C:\ACC\Classes\HTML III\CSS Style Guide\Boilerplate\Style-Guide-Boilerplate-master\Style-Guide-Boilerplate-master\doc\base\figure.html --> webmastercert.com /public_html/style-guide/doc/base figure.html
2015.08.27 08:24 B C:\ACC\Classes\HTML III\CSS Style Guide\Boilerplate\Style-Guide-Boilerplate-master\Style-Guide-Boilerplate-master\doc\base\form-buttons.html --> webmastercert.com /public_html/style-guide/doc/base form-buttons.html
2015.08.27 08:24 B C:\ACC\Classes\HTML III\CSS Style Guide\Boilerplate\Style-Guide-Boilerplate-master\Style-Guide-Boilerplate-master\doc\base\form-fields-default.html --> webmastercert.com /public_html/style-guide/doc/base form-fields-default.html
2015.08.27 08:24 B C:\ACC\Classes\HTML III\CSS Style Guide\Boilerplate\Style-Guide-Boilerplate-master\Style-Guide-Boilerplate-master\doc\base\form-fields-disabled.html --> webmastercert.com /public_html/style-guide/doc/base form-fields-disabled.html
2015.08.27 08:24 B C:\ACC\Classes\HTML III\CSS Style Guide\Boilerplate\Style-Guide-Boilerplate-master\Style-Guide-Boilerplate-master\doc\base\form-fields-readonly.html --> webmastercert.com /public_html/style-guide/doc/base form-fields-readonly.html
2015.08.27 08:24 B C:\ACC\Classes\HTML III\CSS Style Guide\Boilerplate\Style-Guide-Boilerplate-master\Style-Guide-Boilerplate-master\doc\base\form-fields-with-datalist.html --> webmastercert.com /public_html/style-guide/doc/base form-fields-with-datalist.html
2015.08.27 08:24 B C:\ACC\Classes\HTML III\CSS Style Guide\Boilerplate\Style-Guide-Boilerplate-master\Style-Guide-Boilerplate-master\doc\base\form-fieldset.html --> webmastercert.com /public_html/style-guide/doc/base form-fieldset.html
2015.08.27 08:24 B C:\ACC\Classes\HTML III\CSS Style Guide\Boilerplate\Style-Guide-Boilerplate-master\Style-Guide-Boilerplate-master\doc\base\headings-1.html --> webmastercert.com /public_html/style-guide/doc/base headings-1.html
2015.08.27 08:24 B C:\ACC\Classes\HTML III\CSS Style Guide\Boilerplate\Style-Guide-Boilerplate-master\Style-Guide-Boilerplate-master\doc\base\headings-2.html --> webmastercert.com /public_html/style-guide/doc/base headings-2.html
2015.08.27 08:24 B C:\ACC\Classes\HTML III\CSS Style Guide\Boilerplate\Style-Guide-Boilerplate-master\Style-Guide-Boilerplate-master\doc\base\headings-3.html --> webmastercert.com /public_html/style-guide/doc/base headings-3.html
2015.08.27 08:24 B C:\ACC\Classes\HTML III\CSS Style Guide\Boilerplate\Style-Guide-Boilerplate-master\Style-Guide-Boilerplate-master\doc\base\hr.html --> webmastercert.com /public_html/style-guide/doc/base hr.html
2015.08.27 08:24 B C:\ACC\Classes\HTML III\CSS Style Guide\Boilerplate\Style-Guide-Boilerplate-master\Style-Guide-Boilerplate-master\doc\base\list-definition.html --> webmastercert.com /public_html/style-guide/doc/base list-definition.html
2015.08.27 08:24 B C:\ACC\Classes\HTML III\CSS Style Guide\Boilerplate\Style-Guide-Boilerplate-master\Style-Guide-Boilerplate-master\doc\base\list-ordered.html --> webmastercert.com /public_html/style-guide/doc/base list-ordered.html
2015.08.27 08:24 B C:\ACC\Classes\HTML III\CSS Style Guide\Boilerplate\Style-Guide-Boilerplate-master\Style-Guide-Boilerplate-master\doc\base\list-unordered.html --> webmastercert.com /public_html/style-guide/doc/base list-unordered.html
2015.08.27 08:24 B C:\ACC\Classes\HTML III\CSS Style Guide\Boilerplate\Style-Guide-Boilerplate-master\Style-Guide-Boilerplate-master\doc\base\media.html --> webmastercert.com /public_html/style-guide/doc/base media.html
2015.08.27 08:24 B C:\ACC\Classes\HTML III\CSS Style Guide\Boilerplate\Style-Guide-Boilerplate-master\Style-Guide-Boilerplate-master\doc\base\meter-and-progress.html --> webmastercert.com /public_html/style-guide/doc/base meter-and-progress.html
2015.08.27 08:24 B C:\ACC\Classes\HTML III\CSS Style Guide\Boilerplate\Style-Guide-Boilerplate-master\Style-Guide-Boilerplate-master\doc\base\preformated-text.html --> webmastercert.com /public_html/style-guide/doc/base preformated-text.html
2015.08.27 08:24 B C:\ACC\Classes\HTML III\CSS Style Guide\Boilerplate\Style-Guide-Boilerplate-master\Style-Guide-Boilerplate-master\doc\base\sample-content-block.html --> webmastercert.com /public_html/style-guide/doc/base sample-content-block.html
2015.08.27 08:24 B C:\ACC\Classes\HTML III\CSS Style Guide\Boilerplate\Style-Guide-Boilerplate-master\Style-Guide-Boilerplate-master\doc\base\tabular-data.html --> webmastercert.com /public_html/style-guide/doc/base tabular-data.html
2015.08.27 08:24 B C:\ACC\Classes\HTML III\CSS Style Guide\Boilerplate\Style-Guide-Boilerplate-master\Style-Guide-Boilerplate-master\doc\base\text-elements.html --> webmastercert.com /public_html/style-guide/doc/base text-elements.html
2015.08.27 08:24 B C:\ACC\Classes\HTML III\CSS Style Guide\Boilerplate\Style-Guide-Boilerplate-master\Style-Guide-Boilerplate-master\doc\base\time.html --> webmastercert.com /public_html/style-guide/doc/base time.html
