[1219/171951:ERROR:scoped_process_suspend.cc(30)] NtSuspendProcess: An attempt was made to access an exiting process.  (0xc000010a)
[1219/171951:ERROR:scoped_process_suspend.cc(30)] NtSuspendProcess: An attempt was made to access an exiting process.  (0xc000010a)
[1219/171951:ERROR:process_info.cc(103)] ReadProcessMemory bool __cdecl crashpad::`anonymous-namespace'::ReadStruct<struct crashpad::process_types::PEB<struct crashpad::process_types::internal::Traits64>>(void *,unsigned __int64,struct crashpad::process_types::PEB<struct crashpad::process_types::internal::Traits64> *): Only part of a ReadProcessMemory or WriteProcessMemory request was completed. (0x12B)
[1219/171951:ERROR:process_info.cc(542)] ReadProcessData failed
[1219/171951:ERROR:process_reader_win.cc(233)] ReadMemory at 0x7fef38cf0c0 of 12 bytes failed: Only part of a ReadProcessMemory or WriteProcessMemory request was completed. (0x12B)
[1219/171951:WARNING:process_snapshot_win.cc(68)] ReadMemory ExceptionInformation failed
[1219/171951:WARNING:crash_report_exception_handler.cc(61)] ProcessSnapshotWin::Initialize failed
[1219/171951:ERROR:process_info.cc(103)] ReadProcessMemory bool __cdecl crashpad::`anonymous-namespace'::ReadStruct<struct crashpad::process_types::PEB<struct crashpad::process_types::internal::Traits64>>(void *,unsigned __int64,struct crashpad::process_types::PEB<struct crashpad::process_types::internal::Traits64> *): Only part of a ReadProcessMemory or WriteProcessMemory request was completed. (0x12B)
[1219/171951:ERROR:process_info.cc(542)] ReadProcessData failed
[1219/171951:ERROR:process_reader_win.cc(233)] ReadMemory at 0x7fef38cf0c0 of 12 bytes failed: Only part of a ReadProcessMemory or WriteProcessMemory request was completed. (0x12B)
[1219/171951:WARNING:process_snapshot_win.cc(68)] ReadMemory ExceptionInformation failed
[1219/171951:WARNING:crash_report_exception_handler.cc(61)] ProcessSnapshotWin::Initialize failed
[1219/171951:ERROR:scoped_process_suspend.cc(30)] NtSuspendProcess: An attempt was made to access an exiting process.  (0xc000010a)
[1219/171951:ERROR:process_info.cc(103)] ReadProcessMemory bool __cdecl crashpad::`anonymous-namespace'::ReadStruct<struct crashpad::process_types::PEB<struct crashpad::process_types::internal::Traits64>>(void *,unsigned __int64,struct crashpad::process_types::PEB<struct crashpad::process_types::internal::Traits64> *): Only part of a ReadProcessMemory or WriteProcessMemory request was completed. (0x12B)
[1219/171951:ERROR:process_info.cc(542)] ReadProcessData failed
[1219/171951:ERROR:process_reader_win.cc(233)] ReadMemory at 0x7fef38cf0c0 of 12 bytes failed: Only part of a ReadProcessMemory or WriteProcessMemory request was completed. (0x12B)
[1219/171951:WARNING:process_snapshot_win.cc(68)] ReadMemory ExceptionInformation failed
[1219/171951:WARNING:crash_report_exception_handler.cc(61)] ProcessSnapshotWin::Initialize failed
[1219/171951:ERROR:exception_snapshot_win.cc(87)] thread ID 3208 not found in process
[1219/171951:WARNING:crash_report_exception_handler.cc(61)] ProcessSnapshotWin::Initialize failed
[1219/171951:ERROR:exception_snapshot_win.cc(87)] thread ID 856 not found in process
[1219/171951:WARNING:crash_report_exception_handler.cc(61)] ProcessSnapshotWin::Initialize failed
[1219/171951:ERROR:process_reader_win.cc(142)] SuspendThread: Access is denied. (0x5)
[1219/171951:ERROR:exception_snapshot_win.cc(87)] thread ID 3732 not found in process
[1219/171951:WARNING:crash_report_exception_handler.cc(61)] ProcessSnapshotWin::Initialize failed
[1219/171951:ERROR:exception_snapshot_win.cc(87)] thread ID 3460 not found in process
[1219/171951:WARNING:crash_report_exception_handler.cc(61)] ProcessSnapshotWin::Initialize failed
